<?xml version="1.0" encoding="UTF-8"?>
<!-- Generated by org.testng.reporters.JUnitXMLReporter -->
<testsuite ignored="0" hostname="LAPTOP-KA4DGM33" failures="0" tests="4" name="Default test" time="1.03" errors="0" timestamp="2022-12-02T18:19:06 IST">
  <testcase classname="dbTesting.StoredProcedure" name="test_storedProceduredExists" time="0.075"/>
  <testcase classname="dbTesting.StoredProcedure" name="selectAllCustomers" time="0.11"/>
  <testcase classname="dbTesting.StoredProcedure" name="selectAllCustomersByCity" time="0.023"/>
  <testcase classname="dbTesting.StoredProcedure" name="selectAllCustomersByCityAndPin" time="0.019"/>
</testsuite> <!-- Default test -->
